<?xml version="1.0" encoding="UTF-8"?>
<!-- Generated by org.testng.reporters.JUnitReportReporter -->
<testsuite hostname="h-elfekeys-air" failures="0" tests="5" name="All_cucumber_components.CucumberRunner$CucumberRunnerTests" time="0.509" errors="0" timestamp="2022-12-25T14:03:27 EET" skipped="0">
  <testcase classname="All_cucumber_components.CucumberRunner$CucumberRunnerTests" name="runScenario" time="0.298"/>
  <system-out/>
  <testcase classname="All_cucumber_components.CucumberRunner$CucumberRunnerTests" name="runScenario" time="0.047"/>
  <system-out/>
  <testcase classname="All_cucumber_components.CucumberRunner$CucumberRunnerTests" name="runScenario" time="0.059"/>
  <system-out/>
  <testcase classname="All_cucumber_components.CucumberRunner$CucumberRunnerTests" name="runScenario" time="0.060"/>
  <system-out/>
  <testcase classname="All_cucumber_components.CucumberRunner$CucumberRunnerTests" name="runScenario" time="0.045"/>
  <system-out/>
</testsuite> <!-- All_cucumber_components.CucumberRunner$CucumberRunnerTests -->
